This is pdfTeXk, Version 3.141592-1.40.3 (Web2C 7.5.6) (format=pdflatex 2007.2.11)  2 DEC 2008 20:31
entering extended mode
 %&-line parsing enabled.
**\input main.tex
(./main.tex (./elsarticle.cls
Document Class: elsarticle 2008/05/22, 1.0.1: Elsevier Science
\@bls=\dimen102
(/usr/local/texlive/2007/texmf-dist/tex/latex/base/article.cls
Document Class: article 2005/09/16 v1.4f Standard LaTeX document class
(/usr/local/texlive/2007/texmf-dist/tex/latex/base/size10.clo
File: size10.clo 2005/09/16 v1.4f Standard LaTeX file (size option)
)
\c@part=\count79
\c@section=\count80
\c@subsection=\count81
\c@subsubsection=\count82
\c@paragraph=\count83
\c@subparagraph=\count84
\c@figure=\count85
\c@table=\count86
\abovecaptionskip=\skip41
\belowcaptionskip=\skip42
\bibindent=\dimen103
)
(/usr/local/texlive/2007/texmf-dist/tex/latex/comment/comment.sty
\CommentStream=\write3

Excluding comment 'comment')
(/usr/local/texlive/2007/texmf-dist/tex/latex/psnfss/pifont.sty
Package: pifont 2005/04/12 PSNFSS-v9.2a Pi font support (SPQR) 
LaTeX Font Info:    Try loading font information for U+pzd on input line 63.

(/usr/local/texlive/2007/texmf-dist/tex/latex/psnfss/upzd.fd
File: upzd.fd 2001/06/04 font definitions for U/pzd.
)
LaTeX Font Info:    Try loading font information for U+psy on input line 64.

(/usr/local/texlive/2007/texmf-dist/tex/latex/psnfss/upsy.fd
File: upsy.fd 2001/06/04 font definitions for U/psy.
))
\c@tnote=\count87
\c@fnote=\count88
\c@cnote=\count89
\c@author=\count90
\@eadauthor=\toks14
\c@affn=\count91
\absbox=\box26
\keybox=\box27
\Columnwidth=\dimen104
\space@left=\dimen105
\els@boxa=\box28
\els@boxb=\box29
\@enLab=\toks15
\@sep=\skip43
\@@sep=\skip44

(/usr/local/texlive/2007/texmf-dist/tex/latex/natbib/natbib.sty
Package: natbib 2007/02/05 8.0 (PWD)
\bibhang=\skip45
\bibsep=\skip46
LaTeX Info: Redefining \cite on input line 602.
\c@NAT@ctr=\count92
))
\emailauthor{sbowers@ucdavis.edu}{Shawn Bowers\corref {cor1}}
\emailauthor{jmadin@bio.mq.edu.au}{Joshua S. Madin}
\urlauthor{schild@nceas.ucsb.edu}{Mark P. Schildhauer}
(./main.aux)
\openout1 = `main.aux'.

LaTeX Font Info:    Checking defaults for OML/cmm/m/it on input line 39.
LaTeX Font Info:    ... okay on input line 39.
LaTeX Font Info:    Checking defaults for T1/cmr/m/n on input line 39.
LaTeX Font Info:    ... okay on input line 39.
LaTeX Font Info:    Checking defaults for OT1/cmr/m/n on input line 39.
LaTeX Font Info:    ... okay on input line 39.
LaTeX Font Info:    Checking defaults for OMS/cmsy/m/n on input line 39.
LaTeX Font Info:    ... okay on input line 39.
LaTeX Font Info:    Checking defaults for OMX/cmex/m/n on input line 39.
LaTeX Font Info:    ... okay on input line 39.
LaTeX Font Info:    Checking defaults for U/cmr/m/n on input line 39.
LaTeX Font Info:    ... okay on input line 39.
LaTeX Font Info:    External font `cmex10' loaded for size
(Font)              <8> on input line 68.
LaTeX Font Info:    External font `cmex10' loaded for size
(Font)              <6> on input line 68.
LaTeX Font Info:    External font `cmex10' loaded for size
(Font)              <5> on input line 68.
LaTeX Font Info:    External font `cmex10' loaded for size
(Font)              <14.4> on input line 68.
LaTeX Font Info:    External font `cmex10' loaded for size
(Font)              <7> on input line 68.
 [1


{/usr/local/texlive/2007/texmf-var/fonts/map/pdftex/updmap/pdftex.map}] [2] [3]
 [4] [5] [6] [7] [8]

LaTeX Font Warning: Font shape `OT1/cmss/m/it' in size <10> not available
(Font)              Font shape `OT1/cmss/m/sl' tried instead on input line 625.


(./main.bbl [9] [10]) [11] (./main.aux) ) 
Here is how much of TeX's memory you used:
 812 strings out of 94073
 9309 string characters out of 1162984
 62990 words of memory out of 1500000
 4140 multiletter control sequences out of 10000+50000
 9544 words of font info for 33 fonts, out of 1200000 for 2000
 645 hyphenation exceptions out of 8191
 30i,8n,30p,159b,223s stack positions out of 5000i,500n,6000p,200000b,5000s
</usr/local/texlive/2007/texmf-dist/fo
nts/type1/bluesky/cm/cmbx10.pfb></usr/local/texlive/2007/texmf-dist/fonts/type1
/bluesky/cm/cmmi10.pfb></usr/local/texlive/2007/texmf-dist/fonts/type1/bluesky/
cm/cmmi7.pfb></usr/local/texlive/2007/texmf-dist/fonts/type1/bluesky/cm/cmr10.p
fb></usr/local/texlive/2007/texmf-dist/fonts/type1/bluesky/cm/cmr12.pfb></usr/l
ocal/texlive/2007/texmf-dist/fonts/type1/bluesky/cm/cmr6.pfb></usr/local/texliv
e/2007/texmf-dist/fonts/type1/bluesky/cm/cmr7.pfb></usr/local/texlive/2007/texm
f-dist/fonts/type1/bluesky/cm/cmr8.pfb></usr/local/texlive/2007/texmf-dist/font
s/type1/bluesky/cm/cmss10.pfb></usr/local/texlive/2007/texmf-dist/fonts/type1/b
luesky/cm/cmssbx10.pfb></usr/local/texlive/2007/texmf-dist/fonts/type1/bluesky/
cm/cmssi10.pfb></usr/local/texlive/2007/texmf-dist/fonts/type1/bluesky/cm/cmsy1
0.pfb></usr/local/texlive/2007/texmf-dist/fonts/type1/bluesky/cm/cmsy6.pfb></us
r/local/texlive/2007/texmf-dist/fonts/type1/bluesky/cm/cmsy7.pfb></usr/local/te
xlive/2007/texmf-dist/fonts/type1/bluesky/cm/cmti10.pfb></usr/local/texlive/200
7/texmf-dist/fonts/type1/bluesky/cm/cmti7.pfb></usr/local/texlive/2007/texmf-di
st/fonts/type1/bluesky/cm/cmti8.pfb></usr/local/texlive/2007/texmf-dist/fonts/t
ype1/bluesky/cm/cmtt10.pfb></usr/local/texlive/2007/texmf-dist/fonts/type1/urw/
zapfding/uzdr.pfb>
Output written on main.pdf (11 pages, 142887 bytes).
PDF statistics:
 114 PDF objects out of 1000 (max. 8388607)
 0 named destinations out of 1000 (max. 131072)
 1 words of extra memory for PDF output out of 10000 (max. 10000000)

